<?xml version="1.0" encoding="UTF-8"?>
<!-- Generated by org.testng.reporters.JUnitReportReporter -->
<testsuite skipped="1" hostname="Nikhil" name="testScripts.GartnerTestProject" tests="2" failures="0" timestamp="05 Jan 2019 12:18:31 GMT" time="48.392" errors="0">
  <testcase name="VerifyEditProductFunctionality" time="48.392" classname="testScripts.GartnerTestProject"/>
  <testcase name="VerifyAddProductFunctionality" classname="testScripts.GartnerTestProject">
    <skipped/>
  </testcase> <!-- VerifyAddProductFunctionality -->
</testsuite> <!-- testScripts.GartnerTestProject -->
